[INFO ] 2021-08-09 11:20:34.224 [main] Log - Email:mail1@mail.com
[INFO ] 2021-08-09 11:20:34.354 [main] Log - Password:213213213
[INFO ] 2021-08-09 11:20:35.658 [main] Log - Login Button pressed!
[INFO ] 2021-08-09 11:20:35.769 [main] Log - Email:mail2@test
[INFO ] 2021-08-09 11:20:35.849 [main] Log - Password:fdadad
[INFO ] 2021-08-09 11:20:37.134 [main] Log - Login Button pressed!
[INFO ] 2021-08-09 11:20:37.234 [main] Log - Email:asasdas.co
[INFO ] 2021-08-09 11:20:37.308 [main] Log - Password:
[INFO ] 2021-08-09 11:20:38.601 [main] Log - Login Button pressed!
[INFO ] 2021-08-09 11:25:32.118 [main] Log - Email:mail1@mail.com
[INFO ] 2021-08-09 11:25:32.234 [main] Log - Password:213213213
[INFO ] 2021-08-09 11:25:33.506 [main] Log - Login Button pressed!
[INFO ] 2021-08-09 11:25:33.606 [main] Log - Email:mail2@test
[INFO ] 2021-08-09 11:25:33.687 [main] Log - Password:fdadad
[INFO ] 2021-08-09 11:25:34.995 [main] Log - Login Button pressed!
[INFO ] 2021-08-09 11:25:35.092 [main] Log - Email:asasdas.co
[INFO ] 2021-08-09 11:25:35.165 [main] Log - Password:
[INFO ] 2021-08-09 11:25:36.437 [main] Log - Login Button pressed!
[INFO ] 2021-08-09 11:28:58.350 [main] Log - Email:mail1@mail.com
[INFO ] 2021-08-09 11:28:58.464 [main] Log - Password:213213213
[INFO ] 2021-08-09 11:28:59.793 [main] Log - Login Button pressed!
[INFO ] 2021-08-09 11:28:59.900 [main] Log - Email:mail2@test
[INFO ] 2021-08-09 11:28:59.982 [main] Log - Password:fdadad
[INFO ] 2021-08-09 11:29:01.238 [main] Log - Login Button pressed!
[INFO ] 2021-08-09 11:29:01.328 [main] Log - Email:asasdas.co
[INFO ] 2021-08-09 11:29:01.398 [main] Log - Password:
[INFO ] 2021-08-09 11:29:02.691 [main] Log - Login Button pressed!
